SF:lib\virtual_machines\cfloor7\compiler.dart
DA:12,1
DA:13,1
DA:14,1
DA:15,1
DA:19,1
DA:20,1
DA:21,1
DA:22,1
DA:25,1
DA:26,1
DA:27,1
DA:28,1
DA:29,1
DA:33,1
DA:35,3
DA:38,0
LF:16
LH:15
end_of_record
SF:lib\virtual_machines\instruction_generating_tree_walker.dart
DA:24,8
DA:26,0
DA:27,0
DA:28,0
DA:29,0
DA:30,0
DA:32,0
DA:36,2
DA:37,2
DA:42,4
DA:46,4
DA:54,2
DA:56,2
DA:57,2
DA:58,0
DA:60,6
DA:63,2
DA:64,6
DA:65,2
DA:66,0
DA:69,4
DA:70,4
DA:75,1
DA:76,2
DA:77,2
DA:78,4
DA:84,0
DA:85,0
DA:86,0
DA:90,1
DA:91,3
DA:94,1
DA:95,2
DA:98,1
DA:99,1
DA:100,1
DA:102,4
DA:105,0
DA:106,0
DA:107,0
DA:108,0
DA:110,0
DA:117,0
DA:119,2
DA:120,2
DA:122,2
DA:125,2
DA:126,2
DA:127,3
DA:131,6
LF:50
LH:33
end_of_record
SF:lib\virtual_machines\syntax_error_collector.dart
DA:6,0
DA:15,0
LF:2
LH:0
end_of_record
SF:lib\virtual_machines\wrappers\data_source.dart
DA:7,2
DA:13,2
DA:15,0
DA:21,1
DA:27,2
DA:29,2
DA:30,2
DA:32,2
DA:34,1
DA:35,2
LF:10
LH:9
end_of_record
SF:lib\virtual_machines\wrappers\instructions.dart
DA:12,2
DA:21,0
DA:28,2
DA:34,2
DA:42,0
DA:49,1
DA:57,1
DA:64,0
DA:71,0
DA:80,0
DA:89,0
DA:95,0
DA:102,0
DA:106,0
DA:110,1
DA:114,1
DA:122,0
DA:130,1
DA:136,1
LF:19
LH:9
end_of_record
SF:lib\generated\cfloor7\CFloor7BaseListener.dart
DA:14,0
DA:18,0
DA:22,1
DA:26,1
DA:30,1
DA:34,1
DA:38,1
DA:42,0
DA:46,1
DA:50,1
DA:54,1
DA:58,1
DA:62,1
DA:66,1
DA:70,1
DA:74,1
DA:78,1
DA:82,1
DA:86,1
DA:90,1
DA:94,1
DA:98,1
DA:102,0
DA:106,0
DA:110,0
DA:114,0
DA:118,0
DA:122,0
DA:126,1
DA:130,1
DA:134,1
DA:138,1
DA:142,0
DA:146,0
DA:150,0
DA:154,0
DA:158,0
DA:162,0
DA:166,0
DA:170,0
DA:174,0
DA:178,0
DA:182,1
DA:186,1
DA:190,0
DA:194,0
DA:198,0
DA:202,0
DA:206,0
DA:210,0
DA:214,0
DA:218,0
DA:222,1
DA:226,1
DA:230,0
DA:234,0
DA:238,0
DA:242,0
DA:246,1
DA:250,1
DA:254,0
DA:258,0
DA:262,1
DA:266,1
DA:270,1
DA:274,1
DA:278,1
DA:282,1
DA:286,1
DA:290,0
LF:70
LH:36
end_of_record
SF:lib\generated\cfloor7\CFloor7Parser.dart
DA:19,0
DA:22,3
DA:23,6
DA:24,3
DA:51,0
DA:58,0
DA:65,0
DA:67,0
DA:69,0
DA:72,0
DA:75,0
DA:78,1
DA:80,1
DA:83,2
DA:84,5
DA:87,0
DA:88,0
DA:89,0
DA:91,0
DA:92,0
DA:93,0
DA:94,0
DA:95,0
DA:96,0
DA:97,0
DA:98,0
DA:99,0
DA:101,0
DA:106,1
DA:107,3
DA:108,1
DA:111,1
DA:112,1
DA:113,2
DA:114,2
DA:115,2
DA:116,0
DA:117,0
DA:118,0
DA:119,0
DA:120,0
DA:121,0
DA:122,0
DA:123,0
DA:124,0
DA:125,0
DA:126,0
DA:127,0
DA:128,0
DA:132,0
DA:133,0
DA:134,0
DA:135,0
DA:137,1
DA:142,1
DA:143,3
DA:144,1
DA:146,1
DA:147,2
DA:148,2
DA:149,1
DA:150,1
DA:151,1
DA:152,1
DA:153,1
DA:155,1
DA:156,1
DA:157,1
DA:158,1
DA:161,0
DA:163,0
DA:164,0
DA:165,0
DA:166,0
DA:168,1
DA:173,1
DA:174,3
DA:175,1
DA:177,1
DA:178,1
DA:179,1
DA:180,1
DA:181,1
DA:182,1
DA:183,1
DA:184,1
DA:185,1
DA:186,1
DA:187,1
DA:188,1
DA:189,1
DA:190,0
DA:191,0
DA:192,0
DA:193,0
DA:195,1
DA:200,1
DA:201,3
DA:202,1
DA:204,1
DA:205,2
DA:206,4
DA:207,1
DA:208,1
DA:209,1
DA:210,1
DA:212,0
DA:213,0
DA:214,0
DA:215,0
DA:217,0
DA:218,0
DA:219,0
DA:220,0
DA:222,0
DA:223,0
DA:224,0
DA:225,0
DA:227,0
DA:228,0
DA:229,0
DA:230,0
DA:232,0
DA:233,0
DA:234,0
DA:235,0
DA:237,0
DA:238,0
DA:239,0
DA:240,0
DA:243,0
DA:244,0
DA:245,0
DA:246,0
DA:248,1
DA:253,1
DA:254,3
DA:255,1
DA:258,1
DA:259,1
DA:260,1
DA:261,1
DA:262,1
DA:263,1
DA:264,2
DA:265,2
DA:266,1
DA:267,0
DA:268,0
DA:269,0
DA:270,0
DA:271,0
DA:272,0
DA:273,0
DA:274,0
DA:275,0
DA:276,0
DA:277,0
DA:278,0
DA:279,0
DA:283,1
DA:284,1
DA:285,0
DA:286,0
DA:287,0
DA:288,0
DA:290,1
DA:295,1
DA:296,3
DA:297,1
DA:299,1
DA:300,1
DA:301,1
DA:302,1
DA:303,1
DA:304,0
DA:305,0
DA:306,0
DA:307,0
DA:309,1
DA:314,1
DA:315,3
DA:316,1
DA:319,1
DA:320,1
DA:321,1
DA:322,1
DA:323,2
DA:324,2
DA:325,6
DA:326,1
DA:327,1
DA:330,1
DA:331,1
DA:332,0
DA:333,0
DA:334,0
DA:335,0
DA:337,1
DA:342,1
DA:343,3
DA:344,1
DA:346,1
DA:347,2
DA:348,4
DA:349,1
DA:350,1
DA:351,1
DA:352,1
DA:354,1
DA:355,0
DA:356,0
DA:357,0
DA:359,1
DA:360,1
DA:361,1
DA:362,1
DA:364,1
DA:365,0
DA:366,0
DA:367,0
DA:369,1
DA:370,0
DA:371,0
DA:372,0
DA:374,1
DA:375,0
DA:376,0
DA:377,0
DA:379,1
DA:380,1
DA:381,1
DA:382,1
DA:384,1
DA:385,1
DA:386,1
DA:387,1
DA:390,0
DA:391,0
DA:392,0
DA:393,0
DA:395,1
DA:400,1
DA:401,3
DA:402,1
DA:405,1
DA:406,1
DA:407,2
DA:408,2
DA:410,1
DA:411,1
DA:412,1
DA:413,2
DA:414,2
DA:415,6
DA:416,1
DA:417,1
DA:418,0
DA:419,0
DA:420,0
DA:421,0
DA:423,1
DA:428,1
DA:429,3
DA:430,1
DA:432,1
DA:433,2
DA:434,2
DA:435,1
DA:436,1
DA:437,1
DA:438,1
DA:440,0
DA:441,0
DA:442,0
DA:443,0
DA:444,0
DA:445,0
DA:446,0
DA:447,0
DA:450,0
DA:452,0
DA:453,0
DA:454,0
DA:455,0
DA:457,1
DA:462,0
DA:463,0
DA:464,0
DA:466,0
DA:467,0
DA:468,0
DA:469,0
DA:470,0
DA:471,0
DA:472,0
DA:474,0
DA:475,0
DA:476,0
DA:477,0
DA:479,0
DA:480,0
DA:481,0
DA:482,0
DA:484,0
DA:485,0
DA:486,0
DA:487,0
DA:489,0
DA:490,0
DA:491,0
DA:492,0
DA:495,0
DA:497,0
DA:498,0
DA:499,0
DA:500,0
DA:502,0
DA:507,0
DA:508,0
DA:509,0
DA:512,0
DA:513,0
DA:514,0
DA:515,0
DA:516,0
DA:517,0
DA:518,0
DA:519,0
DA:520,0
DA:522,0
DA:523,0
DA:524,0
DA:525,0
DA:526,0
DA:527,0
DA:528,0
DA:529,0
DA:530,0
DA:531,0
DA:532,0
DA:533,0
DA:534,0
DA:535,0
DA:536,0
DA:537,0
DA:538,0
DA:540,0
DA:541,0
DA:544,0
DA:545,0
DA:546,0
DA:547,0
DA:549,0
DA:554,0
DA:555,0
DA:556,0
DA:558,0
DA:559,0
DA:560,0
DA:561,0
DA:562,0
DA:563,0
DA:564,0
DA:565,0
DA:566,0
DA:567,0
DA:568,0
DA:569,0
DA:570,0
DA:571,0
DA:572,0
DA:573,0
DA:574,0
DA:576,0
DA:581,1
DA:582,3
DA:583,1
DA:585,1
DA:586,1
DA:587,1
DA:588,1
DA:589,1
DA:590,1
DA:591,1
DA:592,0
DA:593,0
DA:594,0
DA:595,0
DA:597,1
DA:602,1
DA:603,3
DA:604,1
DA:607,1
DA:608,1
DA:609,1
DA:610,1
DA:611,2
DA:612,2
DA:613,1
DA:614,0
DA:615,0
DA:616,0
DA:617,0
DA:618,0
DA:619,0
DA:622,0
DA:623,0
DA:624,0
DA:625,0
DA:627,1
DA:632,0
DA:633,0
DA:634,0
DA:636,0
DA:637,0
DA:638,0
DA:639,0
DA:640,0
DA:641,0
DA:642,0
DA:643,0
DA:644,0
DA:646,0
DA:651,0
DA:652,0
DA:653,0
DA:655,0
DA:656,0
DA:657,0
DA:658,0
DA:659,0
DA:660,0
DA:661,0
DA:662,0
DA:663,0
DA:664,0
DA:665,0
DA:666,0
DA:667,0
DA:668,0
DA:669,0
DA:670,0
DA:671,0
DA:672,0
DA:673,0
DA:674,0
DA:675,0
DA:676,0
DA:677,0
DA:679,0
DA:684,0
DA:685,0
DA:686,0
DA:688,0
DA:689,0
DA:690,0
DA:691,0
DA:692,0
DA:693,0
DA:694,0
DA:695,0
DA:696,0
DA:697,0
DA:698,0
DA:699,0
DA:700,0
DA:701,0
DA:702,0
DA:704,0
DA:709,0
DA:710,0
DA:711,0
DA:713,0
DA:714,0
DA:715,0
DA:716,0
DA:717,0
DA:718,0
DA:719,0
DA:721,0
DA:722,0
DA:723,0
DA:724,0
DA:726,0
DA:727,0
DA:728,0
DA:729,0
DA:730,0
DA:731,0
DA:732,0
DA:733,0
DA:736,0
DA:738,0
DA:739,0
DA:740,0
DA:741,0
DA:743,0
DA:748,0
DA:749,0
DA:750,0
DA:753,0
DA:754,0
DA:755,0
DA:756,0
DA:757,0
DA:758,0
DA:759,0
DA:760,0
DA:761,0
DA:763,0
DA:764,0
DA:765,0
DA:766,0
DA:767,0
DA:768,0
DA:769,0
DA:770,0
DA:772,0
DA:773,0
DA:774,0
DA:775,0
DA:776,0
DA:777,0
DA:778,0
DA:779,0
DA:780,0
DA:781,0
DA:782,0
DA:783,0
DA:788,0
DA:789,0
DA:790,0
DA:791,0
DA:793,0
DA:798,1
DA:799,3
DA:800,1
DA:803,1
DA:804,1
DA:805,1
DA:806,1
DA:807,2
DA:808,2
DA:810,1
DA:811,1
DA:812,1
DA:813,2
DA:814,2
DA:815,6
DA:816,1
DA:817,1
DA:818,0
DA:819,0
DA:820,0
DA:821,0
DA:823,1
DA:828,0
DA:829,0
DA:830,0
DA:832,0
DA:833,0
DA:834,0
DA:835,0
DA:836,0
DA:837,0
DA:838,0
DA:839,0
DA:840,0
DA:841,0
DA:842,0
DA:843,0
DA:844,0
DA:845,0
DA:846,0
DA:848,0
DA:853,0
DA:854,0
DA:855,0
DA:857,0
DA:858,0
DA:859,0
DA:860,0
DA:861,0
DA:862,0
DA:863,0
DA:864,0
DA:865,0
DA:867,0
DA:872,0
DA:873,0
DA:874,0
DA:878,0
DA:879,0
DA:880,0
DA:881,0
DA:882,0
DA:883,0
DA:884,0
DA:885,0
DA:886,0
DA:887,0
DA:888,0
DA:889,0
DA:891,0
DA:892,0
DA:893,0
DA:895,0
DA:896,0
DA:897,0
DA:898,0
DA:899,0
DA:900,0
DA:903,0
DA:904,0
DA:905,0
DA:906,0
DA:908,0
DA:913,0
DA:914,0
DA:915,0
DA:917,0
DA:918,0
DA:919,0
DA:920,0
DA:921,0
DA:922,0
DA:923,0
DA:924,0
DA:925,0
DA:926,0
DA:927,0
DA:929,0
DA:934,1
DA:935,3
DA:936,1
DA:938,1
DA:939,2
DA:940,2
DA:941,1
DA:942,1
DA:943,1
DA:944,1
DA:946,0
DA:947,0
DA:948,0
DA:949,0
DA:951,0
DA:952,0
DA:953,0
DA:954,0
DA:955,0
DA:956,0
DA:957,0
DA:958,0
DA:960,0
DA:961,0
DA:962,0
DA:963,0
DA:964,0
DA:965,0
DA:966,0
DA:967,0
DA:968,0
DA:969,0
DA:971,0
DA:972,0
DA:973,0
DA:974,0
DA:977,0
DA:979,0
DA:980,0
DA:981,0
DA:982,0
DA:984,1
DA:989,0
DA:990,0
DA:991,0
DA:994,0
DA:995,0
DA:996,0
DA:997,0
DA:998,0
DA:1000,0
DA:1001,0
DA:1002,0
DA:1004,0
DA:1005,0
DA:1006,0
DA:1007,0
DA:1009,0
DA:1014,0
DA:1015,0
DA:1016,0
DA:1019,0
DA:1020,0
DA:1021,0
DA:1022,0
DA:1023,0
DA:1025,0
DA:1026,0
DA:1027,0
DA:1029,0
DA:1030,0
DA:1031,0
DA:1032,0
DA:1033,0
DA:1034,0
DA:1035,0
DA:1036,0
DA:1037,0
DA:1038,0
DA:1040,0
DA:1045,1
DA:1046,3
DA:1047,1
DA:1049,1
DA:1050,1
DA:1051,1
DA:1052,1
DA:1053,1
DA:1054,1
DA:1055,1
DA:1056,0
DA:1057,0
DA:1058,0
DA:1059,0
DA:1061,1
DA:1066,0
DA:1067,0
DA:1068,0
DA:1070,0
DA:1071,0
DA:1072,0
DA:1073,0
DA:1074,0
DA:1075,0
DA:1076,0
DA:1077,0
DA:1078,0
DA:1080,0
DA:1085,1
DA:1086,3
DA:1087,1
DA:1089,1
DA:1090,1
DA:1091,1
DA:1092,1
DA:1093,1
DA:1094,1
DA:1095,2
DA:1096,2
DA:1097,1
DA:1098,0
DA:1099,0
DA:1101,1
DA:1102,0
DA:1103,0
DA:1105,1
DA:1106,1
DA:1107,1
DA:1110,0
DA:1112,1
DA:1113,1
DA:1114,1
DA:1115,1
DA:1116,0
DA:1117,0
DA:1118,0
DA:1119,0
DA:1121,1
DA:1126,1
DA:1127,3
DA:1128,1
DA:1131,1
DA:1132,1
DA:1133,1
DA:1134,1
DA:1135,2
DA:1136,2
DA:1137,1
DA:1138,0
DA:1139,0
DA:1140,0
DA:1141,0
DA:1144,0
DA:1145,0
DA:1146,0
DA:1147,0
DA:1149,1
DA:1256,2
DA:1257,2
DA:1260,0
DA:1261,0
DA:1262,0
DA:1263,0
DA:1265,0
DA:1267,0
DA:1269,0
DA:1271,0
DA:1276,2
DA:1277,0
DA:1278,2
DA:1279,0
DA:1281,1
DA:1283,2
DA:1285,1
DA:1287,2
DA:1292,0
DA:1293,2
DA:1294,0
DA:1296,1
DA:1298,2
DA:1300,1
DA:1302,2
DA:1307,2
DA:1308,2
DA:1309,2
DA:1310,0
DA:1311,2
DA:1312,0
DA:1314,1
DA:1316,2
DA:1318,1
DA:1320,2
DA:1325,2
DA:1326,2
DA:1327,0
DA:1328,0
DA:1329,0
DA:1330,0
DA:1331,0
DA:1332,2
DA:1333,0
DA:1335,1
DA:1337,2
DA:1339,1
DA:1341,2
DA:1346,2
DA:1347,2
DA:1348,0
DA:1349,2
DA:1350,0
DA:1352,1
DA:1354,2
DA:1356,1
DA:1358,2
DA:1363,2
DA:1364,2
DA:1365,0
DA:1367,1
DA:1369,2
DA:1371,1
DA:1373,2
DA:1378,2
DA:1379,2
DA:1380,0
DA:1382,1
DA:1384,2
DA:1386,1
DA:1388,2
DA:1393,0
DA:1394,0
DA:1395,0
DA:1396,0
DA:1397,0
DA:1398,0
DA:1399,0
DA:1400,0
DA:1401,2
DA:1402,0
DA:1404,1
DA:1406,2
DA:1408,1
DA:1410,2
DA:1415,0
DA:1416,0
DA:1417,0
DA:1418,2
DA:1419,0
DA:1421,1
DA:1423,2
DA:1425,1
DA:1427,2
DA:1432,0
DA:1433,2
DA:1434,0
DA:1436,1
DA:1438,2
DA:1440,1
DA:1442,2
DA:1447,0
DA:1448,0
DA:1449,0
DA:1450,0
DA:1451,0
DA:1452,0
DA:1453,0
DA:1455,0
DA:1457,0
DA:1459,0
DA:1461,0
DA:1466,0
DA:1467,0
DA:1468,0
DA:1469,0
DA:1471,0
DA:1473,0
DA:1475,0
DA:1477,0
DA:1482,0
DA:1483,0
DA:1484,0
DA:1485,0
DA:1487,0
DA:1489,0
DA:1491,0
DA:1493,0
DA:1498,2
DA:1499,2
DA:1500,2
DA:1501,0
DA:1503,1
DA:1505,2
DA:1507,1
DA:1509,2
DA:1514,2
DA:1515,2
DA:1516,2
DA:1517,0
DA:1519,1
DA:1521,2
DA:1523,1
DA:1525,2
DA:1530,0
DA:1531,0
DA:1532,0
DA:1533,0
DA:1535,0
DA:1537,0
DA:1539,0
DA:1541,0
DA:1546,0
DA:1547,0
DA:1548,0
DA:1549,0
DA:1550,0
DA:1551,0
DA:1553,0
DA:1555,0
DA:1557,0
DA:1559,0
DA:1564,0
DA:1565,0
DA:1566,0
DA:1567,0
DA:1569,0
DA:1571,0
DA:1573,0
DA:1575,0
DA:1580,0
DA:1581,0
DA:1582,0
DA:1583,0
DA:1584,0
DA:1586,0
DA:1588,0
DA:1590,0
DA:1592,0
DA:1597,0
DA:1598,0
DA:1599,0
DA:1600,0
DA:1601,0
DA:1602,0
DA:1603,0
DA:1604,0
DA:1605,0
DA:1607,0
DA:1609,0
DA:1611,0
DA:1613,0
DA:1618,0
DA:1619,0
DA:1620,2
DA:1621,0
DA:1623,1
DA:1625,2
DA:1627,1
DA:1629,2
DA:1634,0
DA:1635,0
DA:1636,0
DA:1637,0
DA:1639,0
DA:1641,0
DA:1643,0
DA:1645,0
DA:1650,0
DA:1651,0
DA:1652,0
DA:1654,0
DA:1656,0
DA:1658,0
DA:1660,0
DA:1665,0
DA:1666,0
DA:1667,0
DA:1668,0
DA:1669,0
DA:1671,0
DA:1673,0
DA:1675,0
DA:1677,0
DA:1682,0
DA:1683,0
DA:1684,0
DA:1686,0
DA:1688,0
DA:1690,0
DA:1692,0
DA:1697,2
DA:1698,2
DA:1699,2
DA:1700,2
DA:1701,2
DA:1702,2
DA:1703,0
DA:1705,1
DA:1707,2
DA:1709,1
DA:1711,2
DA:1716,0
DA:1717,0
DA:1719,0
DA:1721,0
DA:1723,0
DA:1725,0
DA:1730,0
DA:1731,0
DA:1732,0
DA:1734,0
DA:1736,0
DA:1738,0
DA:1740,0
DA:1745,2
DA:1746,2
DA:1747,2
DA:1748,0
DA:1750,1
DA:1752,2
DA:1754,1
DA:1756,2
DA:1761,0
DA:1762,0
DA:1763,0
DA:1765,0
DA:1767,0
DA:1769,0
DA:1771,0
DA:1776,2
DA:1777,2
DA:1778,2
DA:1779,2
DA:1780,0
DA:1782,1
DA:1784,2
DA:1786,1
DA:1788,2
DA:1793,0
DA:1794,2
DA:1795,2
DA:1796,2
DA:1797,0
DA:1799,1
DA:1801,2
DA:1803,1
DA:1805,2
LF:1078
LH:360
end_of_record
SF:lib\generated\cfloor7\CFloor7Lexer.dart
DA:7,0
DA:9,3
DA:10,6
DA:11,3
DA:43,0
DA:50,0
DA:57,0
DA:59,0
DA:61,0
DA:65,2
DA:66,5
DA:69,0
DA:72,0
DA:75,0
DA:76,0
DA:195,2
DA:196,2
LF:17
LH:7
end_of_record
SF:lib\virtual_machines\built_in_globals.dart
DA:9,3
LF:1
LH:1
end_of_record
SF:lib\virtual_machines\data_type.dart
DA:12,1
DA:13,1
DA:16,1
DA:19,4
DA:22,4
DA:24,1
DA:25,1
DA:48,2
DA:50,2
DA:51,3
DA:52,1
DA:54,4
DA:56,0
DA:58,8
DA:60,1
DA:61,1
DA:63,2
DA:65,2
DA:66,6
DA:67,6
DA:69,1
DA:70,5
LF:22
LH:21
end_of_record
SF:lib\virtual_machines\cfloor7\function_collecting_tree_walker.dart
DA:11,1
DA:13,2
DA:14,1
DA:15,1
DA:17,1
DA:18,0
DA:21,3
DA:22,4
LF:8
LH:7
end_of_record
SF:lib\virtual_machines\wrappers\function_definition.dart
DA:10,1
LF:1
LH:1
end_of_record
SF:lib\virtual_machines\cfloor7\instruction_generating_tree_walker.dart
DA:42,1
DA:47,1
DA:53,1
DA:54,2
DA:56,1
DA:58,5
DA:61,1
DA:63,6
DA:64,3
DA:65,2
DA:66,4
DA:67,1
DA:69,4
DA:70,0
DA:74,2
DA:77,1
DA:79,4
DA:82,1
DA:84,2
DA:85,1
DA:86,1
DA:87,3
DA:92,1
DA:94,2
DA:95,0
DA:96,0
DA:97,0
DA:98,0
DA:99,0
DA:101,0
DA:106,1
DA:108,3
DA:109,4
DA:112,0
DA:114,0
DA:117,1
DA:119,3
DA:122,0
DA:124,0
DA:127,0
DA:129,0
DA:132,0
DA:134,0
DA:137,0
DA:139,0
DA:142,1
DA:144,3
DA:147,1
DA:149,3
DA:152,0
DA:154,0
DA:157,0
DA:159,0
DA:162,0
DA:164,0
DA:167,0
DA:169,0
DA:172,2
DA:173,1
DA:174,1
DA:175,1
DA:176,2
DA:177,1
DA:178,1
DA:181,2
DA:182,1
DA:183,3
DA:184,1
DA:185,1
DA:188,2
DA:189,1
DA:190,2
DA:191,1
DA:194,2
DA:195,1
DA:196,1
DA:197,1
DA:198,3
DA:201,2
DA:202,1
DA:203,2
DA:204,2
DA:207,1
DA:208,1
DA:209,0
DA:210,1
DA:211,2
DA:212,0
DA:213,0
DA:214,0
DA:215,0
DA:216,0
DA:217,0
DA:218,0
DA:219,0
DA:221,0
DA:224,2
DA:225,1
DA:226,2
DA:227,3
DA:230,2
DA:231,1
DA:232,2
DA:233,3
DA:234,3
DA:237,2
DA:238,1
DA:239,1
DA:242,0
DA:243,0
DA:244,0
DA:247,0
DA:248,0
DA:249,0
DA:250,0
DA:253,2
DA:254,1
DA:255,1
DA:258,0
DA:259,0
DA:260,0
DA:263,0
DA:264,0
DA:265,0
DA:266,0
DA:269,0
DA:270,0
DA:271,0
DA:272,0
DA:273,0
DA:274,0
DA:275,0
DA:278,0
DA:279,0
DA:280,0
DA:281,0
DA:282,0
DA:285,0
DA:286,0
DA:287,0
DA:290,0
DA:291,0
DA:292,0
DA:293,0
DA:294,0
DA:295,0
DA:298,0
DA:299,0
DA:300,0
DA:301,0
DA:304,0
DA:305,0
DA:306,0
DA:309,0
DA:310,0
DA:311,0
DA:312,0
DA:313,0
DA:314,0
LF:159
LH:76
end_of_record
SF:lib\virtual_machines\wrappers\function_invocation.dart
DA:10,1
LF:1
LH:1
end_of_record
SF:lib\virtual_machines\wrappers\array_literal.dart
DA:12,1
DA:19,1
LF:2
LH:2
end_of_record
SF:lib\virtual_machines\semantic_error_collector.dart
DA:5,1
DA:6,2
LF:2
LH:2
end_of_record
SF:lib\virtual_machines\wrappers\assignment.dart
DA:16,2
LF:1
LH:1
end_of_record
SF:lib\virtual_machines\wrappers\boolean_expression.dart
DA:16,0
LF:1
LH:0
end_of_record
SF:lib\virtual_machines\wrappers\boolean_operand.dart
DA:11,0
LF:1
LH:0
end_of_record
SF:lib\virtual_machines\wrappers\identifier.dart
DA:8,2
LF:1
LH:1
end_of_record
SF:lib\virtual_machines\wrappers\if_block.dart
DA:9,0
LF:1
LH:0
end_of_record
SF:lib\virtual_machines\wrappers\length_function_expression.dart
DA:8,0
LF:1
LH:0
end_of_record
SF:lib\virtual_machines\wrappers\math_expression.dart
DA:12,2
LF:1
LH:1
end_of_record
SF:lib\virtual_machines\wrappers\math_function_expression.dart
DA:11,0
LF:1
LH:0
end_of_record
SF:lib\virtual_machines\wrappers\math_operand.dart
DA:15,2
LF:1
LH:1
end_of_record
SF:lib\virtual_machines\wrappers\read_expression.dart
DA:12,1
DA:13,2
DA:16,1
DA:17,4
DA:19,1
DA:20,0
DA:21,0
DA:22,0
LF:8
LH:5
end_of_record
SF:lib\virtual_machines\wrappers\return_statement.dart
DA:8,1
LF:1
LH:1
end_of_record
SF:lib\virtual_machines\wrappers\string_literal.dart
DA:8,2
LF:1
LH:1
end_of_record
SF:lib\virtual_machines\wrappers\variable_accessor.dart
DA:10,2
LF:1
LH:1
end_of_record
SF:lib\virtual_machines\wrappers\while_loop.dart
DA:8,0
LF:1
LH:0
end_of_record
SF:lib\virtual_machines\wrappers\write_statement.dart
DA:12,2
LF:1
LH:1
end_of_record
SF:lib\virtual_machines\wrappers\array_initializer.dart
DA:11,0
LF:1
LH:0
end_of_record
SF:lib\virtual_machines\wrappers\for_loop.dart
DA:13,0
LF:1
LH:0
end_of_record
SF:lib\virtual_machines\generic\compiler.dart
DA:33,6
DA:39,12
DA:43,12
DA:45,2
DA:47,2
DA:48,4
DA:49,5
DA:50,1
DA:52,2
DA:53,10
DA:56,0
DA:57,0
DA:60,0
DA:61,0
DA:63,0
DA:64,0
DA:67,2
DA:68,4
DA:69,2
DA:71,2
DA:72,0
DA:74,6
DA:75,2
DA:76,2
DA:77,2
DA:78,2
DA:80,6
DA:86,4
DA:89,2
DA:91,2
DA:92,2
DA:93,2
DA:94,3
DA:95,2
DA:96,4
DA:98,1
DA:100,6
DA:103,0
DA:104,0
DA:107,0
DA:108,0
DA:109,0
DA:110,0
DA:111,0
DA:112,0
DA:113,0
DA:114,0
DA:115,0
DA:116,0
DA:117,0
DA:118,0
DA:120,0
DA:121,0
DA:122,0
DA:124,0
DA:125,0
DA:126,0
DA:128,0
DA:129,0
DA:133,0
DA:134,0
DA:137,1
DA:138,2
DA:139,1
DA:142,1
DA:143,2
DA:144,1
DA:147,0
DA:148,0
DA:151,0
DA:152,0
DA:153,0
DA:154,0
DA:155,0
DA:156,0
DA:157,0
DA:158,0
DA:159,0
DA:160,0
DA:161,0
DA:164,0
DA:166,0
DA:167,0
DA:168,0
DA:171,0
DA:174,0
DA:175,0
DA:176,0
DA:177,0
DA:178,0
DA:179,0
DA:180,0
DA:181,0
DA:182,0
DA:183,0
DA:184,0
DA:187,0
DA:188,0
DA:191,1
DA:192,1
DA:195,1
DA:196,3
DA:197,3
DA:201,1
DA:202,3
DA:203,3
DA:206,2
DA:207,2
DA:208,1
DA:209,2
DA:210,1
DA:211,1
DA:212,0
DA:213,1
DA:214,0
DA:215,1
DA:216,0
DA:217,1
DA:218,1
DA:220,0
DA:222,0
DA:223,0
DA:228,1
DA:229,4
DA:230,1
DA:231,1
DA:232,1
DA:234,1
DA:236,1
DA:239,2
DA:240,2
DA:241,6
DA:242,6
DA:243,2
DA:244,4
DA:247,3
DA:248,2
DA:249,5
DA:250,2
DA:251,3
DA:252,12
DA:253,1
DA:254,1
DA:255,1
DA:263,0
DA:264,0
DA:266,0
DA:271,0
DA:272,0
DA:274,0
DA:280,1
DA:282,2
DA:283,0
DA:284,0
DA:285,0
DA:286,0
DA:287,0
DA:289,0
DA:295,1
DA:298,1
DA:302,1
DA:304,2
DA:306,0
DA:308,0
DA:313,0
DA:314,0
DA:315,0
DA:316,0
DA:317,0
DA:318,0
DA:320,0
DA:321,0
DA:322,0
DA:323,0
DA:324,0
DA:327,0
DA:328,0
DA:329,0
DA:330,0
DA:331,0
DA:332,0
DA:338,0
DA:339,0
DA:340,0
DA:341,0
DA:343,0
DA:344,0
DA:345,0
DA:346,0
DA:347,0
DA:353,0
DA:355,0
DA:358,0
DA:359,0
DA:360,0
DA:361,0
DA:362,0
DA:363,0
DA:364,0
DA:366,0
DA:370,1
DA:371,1
DA:372,0
DA:373,1
DA:374,0
DA:375,1
DA:376,2
DA:377,0
DA:378,0
DA:379,0
DA:380,0
DA:382,0
DA:386,1
DA:387,1
DA:388,1
DA:389,1
DA:393,0
DA:394,0
DA:395,0
DA:398,0
DA:401,0
DA:403,0
DA:404,0
DA:408,0
DA:409,0
DA:410,0
DA:417,0
DA:420,0
DA:421,0
DA:422,0
DA:423,0
DA:424,0
DA:425,0
DA:426,0
DA:431,0
DA:434,0
DA:435,0
DA:437,0
DA:438,0
DA:439,0
DA:440,0
DA:445,0
DA:448,0
DA:449,0
DA:450,0
DA:453,0
DA:454,0
DA:455,0
DA:456,0
DA:458,0
DA:459,0
DA:460,0
DA:461,0
DA:463,0
DA:464,0
DA:465,0
DA:466,0
DA:469,0
DA:470,0
DA:472,1
DA:473,5
DA:474,4
DA:475,2
DA:476,5
DA:477,1
DA:479,4
DA:480,1
DA:481,3
DA:482,3
DA:486,1
DA:487,1
DA:488,2
DA:489,1
DA:490,3
DA:491,1
DA:492,4
DA:493,0
DA:494,0
DA:496,0
DA:500,1
DA:501,6
DA:502,5
DA:503,0
DA:504,0
DA:506,1
DA:507,3
DA:508,0
DA:509,0
DA:510,0
DA:511,0
DA:512,0
DA:513,0
DA:515,6
DA:516,1
DA:517,1
DA:518,1
DA:524,1
DA:527,2
DA:528,4
DA:531,0
DA:532,0
DA:544,1
DA:554,2
LF:303
LH:122
end_of_record
SF:lib\virtual_machines\cfloor_array.dart
DA:7,2
DA:8,0
DA:9,0
DA:11,0
DA:13,0
DA:14,0
DA:16,0
DA:17,0
DA:19,0
DA:21,0
DA:22,0
DA:23,0
DA:25,0
DA:26,0
LF:14
LH:1
end_of_record
SF:lib\virtual_machines\text_interval.dart
DA:6,0
DA:7,0
DA:8,0
DA:10,1
LF:4
LH:1
end_of_record
SF:lib\virtual_machines\wrappers\data_destination.dart
DA:7,2
DA:13,2
DA:16,8
DA:23,2
LF:4
LH:4
end_of_record
